flex version 2.5.37 usage statistics:
  scanner options: -dsvI8 -Cem -oyylex.cpp
  242/2000 NFA states
  102/1000 DFA states (547 words)
  47 rules
  Compressed tables always back-up
  1/40 start conditions
  128 epsilon states, 58 double epsilon states
  12/100 character classes needed 145/500 words of storage, 0 reused
  1612 state/nextstate pairs created
  265/1347 unique/duplicate transitions
  107/1000 base-def entries created
  173/2000 (peak 271) nxt-chk entries created
  15/2500 (peak 225) template nxt-chk entries created
  0 empty table entries
  5 protos created
  5 templates created, 66 uses
  45/256 equivalence classes created
  3/256 meta-equivalence classes created
  0 (1 saved) hash collisions, 166 DFAs equal
  0 sets of reallocations needed
  861 total table entries needed
