codegen ident: a
codegen ident: puts
codegen ident: one
codegen ident: a
codegen ident: puts
codegen ident: two
codegen ident: a
codegen ident: puts
codegen ident: three
codegen ident: puts
codegen ident: many
codegen ident: a
codegen ident: a
codegen ident: a
codegen ident: a
codegen ident: a
codegen ident: a
codegen ident: endl
codegen ident: a
codegen ident: puts
codegen ident: one
codegen ident: a
codegen ident: puts
codegen ident: two
codegen ident: a
codegen ident: puts
codegen ident: three
codegen ident: puts
codegen ident: many
codegen ident: a
codegen ident: a
codegen ident: a
codegen ident: a
codegen ident: a
codegen ident: a
codegen ident: endl
