codegen ident: puts
codegen ident: getargv
codegen ident: puts
codegen ident: endl
codegen ident: assert
codegen ident: fail
codegen ident: __assert_fail
codegen ident: assert
codegen ident: fail
codegen ident: assertfail
codegen ident: puts
codegen ident: getargv
codegen ident: puts
codegen ident: endl
codegen ident: assert
codegen ident: fail
codegen ident: __assert_fail
codegen ident: assert
codegen ident: fail
codegen ident: assertfail
codegen ident: puts
codegen ident: getargv
codegen ident: puts
codegen ident: endl
codegen ident: assert
codegen ident: fail
codegen ident: __assert_fail
codegen ident: assert
codegen ident: fail
codegen ident: assertfail
codegen ident: puts
codegen ident: getargv
codegen ident: puts
codegen ident: endl
codegen ident: assert
codegen ident: fail
codegen ident: __assert_fail
codegen ident: assert
codegen ident: fail
codegen ident: assertfail
codegen ident: puts
codegen ident: getargv
codegen ident: puts
codegen ident: endl
codegen ident: assert
codegen ident: fail
codegen ident: __assert_fail
codegen ident: assert
codegen ident: fail
codegen ident: assertfail
