codegen ident: index
codegen ident: sieve
codegen ident: index
codegen ident: index
codegen ident: index
codegen ident: prime
codegen ident: sieve
codegen ident: prime
codegen ident: index
codegen ident: prime
codegen ident: index
codegen ident: sieve
codegen ident: index
codegen ident: index
codegen ident: index
codegen ident: prime
codegen ident: sieve
codegen ident: prime
codegen ident: prime
codegen ident: prime
codegen ident: index
codegen ident: index
codegen ident: sieve
codegen ident: index
codegen ident: puti
codegen ident: index
codegen ident: endl
codegen ident: sieve
codegen ident: index
codegen ident: index
codegen ident: index
codegen ident: index
codegen ident: sieve
codegen ident: index
codegen ident: index
codegen ident: index
codegen ident: prime
codegen ident: sieve
codegen ident: prime
codegen ident: index
codegen ident: prime
codegen ident: index
codegen ident: sieve
codegen ident: index
codegen ident: index
codegen ident: index
codegen ident: prime
codegen ident: sieve
codegen ident: prime
codegen ident: prime
codegen ident: prime
codegen ident: index
codegen ident: index
codegen ident: sieve
codegen ident: index
codegen ident: puti
codegen ident: index
codegen ident: endl
codegen ident: sieve
codegen ident: index
codegen ident: index
codegen ident: index
codegen ident: index
codegen ident: sieve
codegen ident: index
codegen ident: index
codegen ident: index
codegen ident: prime
codegen ident: sieve
codegen ident: prime
codegen ident: index
codegen ident: prime
codegen ident: index
codegen ident: sieve
codegen ident: index
codegen ident: index
codegen ident: index
codegen ident: prime
codegen ident: sieve
codegen ident: prime
codegen ident: prime
codegen ident: prime
codegen ident: index
codegen ident: index
codegen ident: sieve
codegen ident: index
codegen ident: puti
codegen ident: index
codegen ident: endl
codegen ident: sieve
codegen ident: index
codegen ident: index
codegen ident: index
codegen ident: index
codegen ident: sieve
codegen ident: index
codegen ident: index
codegen ident: index
codegen ident: prime
codegen ident: sieve
codegen ident: prime
codegen ident: index
codegen ident: prime
codegen ident: index
codegen ident: sieve
codegen ident: index
codegen ident: index
codegen ident: index
codegen ident: prime
codegen ident: sieve
codegen ident: prime
codegen ident: prime
codegen ident: prime
codegen ident: index
codegen ident: index
codegen ident: sieve
codegen ident: index
codegen ident: puti
codegen ident: index
codegen ident: endl
codegen ident: sieve
codegen ident: index
codegen ident: index
codegen ident: index
