codegen ident: str
codegen ident: __assert_fail
codegen ident: str
codegen ident: atoi
codegen ident: str
codegen ident: str
codegen ident: digit
codegen ident: digit
codegen ident: neg
codegen ident: contin
codegen ident: str
codegen ident: digit
codegen ident: contin
codegen ident: str
codegen ident: digit
codegen ident: digit
codegen ident: digit
codegen ident: c
codegen ident: contin
codegen ident: c
codegen ident: contin
codegen ident: num
codegen ident: num
codegen ident: c
codegen ident: c
codegen ident: c
codegen ident: c
codegen ident: c
codegen ident: neg
codegen ident: num
codegen ident: num
codegen ident: num
codegen ident: getargv
codegen ident: puti
codegen ident: atoi
codegen ident: arg
codegen ident: endl
codegen ident: argi
codegen ident: argi
codegen ident: str
codegen ident: __assert_fail
codegen ident: str
codegen ident: atoi
codegen ident: str
codegen ident: str
codegen ident: digit
codegen ident: digit
codegen ident: neg
codegen ident: contin
codegen ident: str
codegen ident: digit
codegen ident: contin
codegen ident: str
codegen ident: digit
codegen ident: digit
codegen ident: digit
codegen ident: c
codegen ident: contin
codegen ident: c
codegen ident: contin
codegen ident: num
codegen ident: num
codegen ident: c
codegen ident: c
codegen ident: c
codegen ident: c
codegen ident: c
codegen ident: neg
codegen ident: num
codegen ident: num
codegen ident: num
codegen ident: getargv
codegen ident: puti
codegen ident: atoi
codegen ident: arg
codegen ident: endl
codegen ident: argi
codegen ident: argi
codegen ident: str
codegen ident: __assert_fail
codegen ident: str
codegen ident: atoi
codegen ident: str
codegen ident: str
codegen ident: digit
codegen ident: digit
codegen ident: neg
codegen ident: contin
codegen ident: str
codegen ident: digit
codegen ident: contin
codegen ident: str
codegen ident: digit
codegen ident: digit
codegen ident: digit
codegen ident: c
codegen ident: contin
codegen ident: c
codegen ident: contin
codegen ident: num
codegen ident: num
codegen ident: c
codegen ident: c
codegen ident: c
codegen ident: c
codegen ident: c
codegen ident: neg
codegen ident: num
codegen ident: num
codegen ident: num
codegen ident: getargv
codegen ident: puti
codegen ident: atoi
codegen ident: arg
codegen ident: endl
codegen ident: argi
codegen ident: argi
codegen ident: str
codegen ident: __assert_fail
codegen ident: str
codegen ident: atoi
codegen ident: str
codegen ident: str
codegen ident: digit
codegen ident: digit
codegen ident: neg
codegen ident: contin
codegen ident: str
codegen ident: digit
codegen ident: contin
codegen ident: str
codegen ident: digit
codegen ident: digit
codegen ident: digit
codegen ident: c
codegen ident: contin
codegen ident: c
codegen ident: contin
codegen ident: num
codegen ident: num
codegen ident: c
codegen ident: c
codegen ident: c
codegen ident: c
codegen ident: c
codegen ident: neg
codegen ident: num
codegen ident: num
codegen ident: num
