codegen ident: stack
codegen ident: size
codegen ident: stack
codegen ident: size
codegen ident: stack
codegen ident: stack
codegen ident: stack
codegen ident: stack
codegen ident: __assert_fail
codegen ident: stack
codegen ident: stack
codegen ident: arraystack
codegen ident: stack
codegen ident: stack
codegen ident: stack
codegen ident: stack
codegen ident: str
codegen ident: stack
codegen ident: __assert_fail
codegen ident: stack
codegen ident: EMPTY
codegen ident: arraystack
codegen ident: stack
codegen ident: stack
codegen ident: stack
codegen ident: stack
codegen ident: tmp
codegen ident: stack
codegen ident: getargv
codegen ident: new_stack
codegen ident: argv
codegen ident: argi
codegen ident: push
codegen ident: stack
codegen ident: argv
codegen ident: argi
codegen ident: argi
codegen ident: argi
codegen ident: empty
codegen ident: stack
codegen ident: puts
codegen ident: pop
codegen ident: stack
codegen ident: endl
codegen ident: stack
codegen ident: size
codegen ident: stack
codegen ident: size
codegen ident: stack
codegen ident: stack
codegen ident: stack
codegen ident: stack
codegen ident: __assert_fail
codegen ident: stack
codegen ident: stack
codegen ident: arraystack
codegen ident: stack
codegen ident: stack
codegen ident: stack
codegen ident: stack
codegen ident: str
codegen ident: stack
codegen ident: __assert_fail
codegen ident: stack
codegen ident: EMPTY
codegen ident: arraystack
codegen ident: stack
codegen ident: stack
codegen ident: stack
codegen ident: stack
codegen ident: tmp
codegen ident: stack
codegen ident: getargv
codegen ident: new_stack
codegen ident: argv
codegen ident: argi
codegen ident: push
codegen ident: stack
codegen ident: argv
codegen ident: argi
codegen ident: argi
codegen ident: argi
codegen ident: empty
codegen ident: stack
codegen ident: puts
codegen ident: pop
codegen ident: stack
codegen ident: endl
codegen ident: stack
codegen ident: size
codegen ident: stack
codegen ident: size
codegen ident: stack
codegen ident: stack
codegen ident: stack
codegen ident: stack
codegen ident: __assert_fail
codegen ident: stack
codegen ident: stack
codegen ident: arraystack
codegen ident: stack
codegen ident: stack
codegen ident: stack
codegen ident: stack
codegen ident: str
codegen ident: stack
codegen ident: __assert_fail
codegen ident: stack
codegen ident: EMPTY
codegen ident: arraystack
codegen ident: stack
codegen ident: stack
codegen ident: stack
codegen ident: stack
codegen ident: tmp
codegen ident: stack
codegen ident: getargv
codegen ident: new_stack
codegen ident: argv
codegen ident: argi
codegen ident: push
codegen ident: stack
codegen ident: argv
codegen ident: argi
codegen ident: argi
codegen ident: argi
codegen ident: empty
codegen ident: stack
codegen ident: puts
codegen ident: pop
codegen ident: stack
codegen ident: endl
codegen ident: stack
codegen ident: size
codegen ident: stack
codegen ident: size
codegen ident: stack
codegen ident: stack
codegen ident: stack
codegen ident: stack
codegen ident: __assert_fail
codegen ident: stack
codegen ident: stack
codegen ident: arraystack
codegen ident: stack
codegen ident: stack
codegen ident: stack
codegen ident: stack
codegen ident: str
codegen ident: stack
codegen ident: __assert_fail
codegen ident: stack
codegen ident: EMPTY
codegen ident: arraystack
codegen ident: stack
codegen ident: stack
codegen ident: stack
codegen ident: stack
codegen ident: tmp
codegen ident: stack
