codegen ident: col
codegen ident: newcol
codegen ident: board
codegen ident: col
codegen ident: board
codegen ident: newcol
codegen ident: board
codegen ident: col
codegen ident: board
codegen ident: newcol
codegen ident: diagonal
codegen ident: col
codegen ident: newcol
codegen ident: diagonal
codegen ident: diagonal
codegen ident: newcol
codegen ident: col
codegen ident: diagonal
codegen ident: col
codegen ident: col
codegen ident: col
codegen ident: putc
codegen ident: board
codegen ident: col
codegen ident: col
codegen ident: col
codegen ident: putc
codegen ident: newcol
codegen ident: printqueens
codegen ident: row
codegen ident: board
codegen ident: newcol
codegen ident: row
codegen ident: is_safe
codegen ident: newcol
codegen ident: queens
codegen ident: newcol
codegen ident: is_safe
codegen ident: newcol
codegen ident: row
codegen ident: row
codegen ident: newcol
codegen ident: newcol
codegen ident: queens
codegen ident: col
codegen ident: newcol
codegen ident: board
codegen ident: col
codegen ident: board
codegen ident: newcol
codegen ident: board
codegen ident: col
codegen ident: board
codegen ident: newcol
codegen ident: diagonal
codegen ident: col
codegen ident: newcol
codegen ident: diagonal
codegen ident: diagonal
codegen ident: newcol
codegen ident: col
codegen ident: diagonal
codegen ident: col
codegen ident: col
codegen ident: col
codegen ident: putc
codegen ident: board
codegen ident: col
codegen ident: col
codegen ident: col
codegen ident: putc
codegen ident: newcol
codegen ident: printqueens
codegen ident: row
codegen ident: board
codegen ident: newcol
codegen ident: row
codegen ident: is_safe
codegen ident: newcol
codegen ident: queens
codegen ident: newcol
codegen ident: is_safe
codegen ident: newcol
codegen ident: row
codegen ident: row
codegen ident: newcol
codegen ident: newcol
