codegen ident: index
codegen ident: size
codegen ident: dot
codegen ident: dot
codegen ident: vec1
codegen ident: index
codegen ident: vec2
codegen ident: index
codegen ident: index
codegen ident: index
codegen ident: dot
codegen ident: i
codegen ident: vec1
codegen ident: i
codegen ident: i
codegen ident: vec2
codegen ident: i
codegen ident: i
codegen ident: i
codegen ident: i
codegen ident: puti
codegen ident: dot_product
codegen ident: vec1
codegen ident: vec2
codegen ident: endl
codegen ident: index
codegen ident: size
codegen ident: dot
codegen ident: dot
codegen ident: vec1
codegen ident: index
codegen ident: vec2
codegen ident: index
codegen ident: index
codegen ident: index
codegen ident: dot
codegen ident: i
codegen ident: vec1
codegen ident: i
codegen ident: i
codegen ident: vec2
codegen ident: i
codegen ident: i
codegen ident: i
codegen ident: i
codegen ident: puti
codegen ident: dot_product
codegen ident: vec1
codegen ident: vec2
codegen ident: endl
codegen ident: index
codegen ident: size
codegen ident: dot
codegen ident: dot
codegen ident: vec1
codegen ident: index
codegen ident: vec2
codegen ident: index
codegen ident: index
codegen ident: index
codegen ident: dot
codegen ident: i
codegen ident: vec1
codegen ident: i
codegen ident: i
codegen ident: vec2
codegen ident: i
codegen ident: i
codegen ident: i
codegen ident: i
codegen ident: puti
codegen ident: dot_product
codegen ident: vec1
codegen ident: vec2
codegen ident: endl
codegen ident: index
codegen ident: size
codegen ident: dot
codegen ident: dot
codegen ident: vec1
codegen ident: index
codegen ident: vec2
codegen ident: index
codegen ident: index
codegen ident: index
codegen ident: dot
