codegen ident: puts
codegen ident: src
codegen ident: puts
codegen ident: to
codegen ident: puts
codegen ident: dst
codegen ident: ndisks
codegen ident: ndisks
codegen ident: towers
codegen ident: ndisks
codegen ident: src
codegen ident: dst
codegen ident: tmp
codegen ident: move
codegen ident: src
codegen ident: dst
codegen ident: towers
codegen ident: ndisks
codegen ident: tmp
codegen ident: src
codegen ident: dst
codegen ident: towers
codegen ident: Source
codegen ident: Temporary
codegen ident: Destination
codegen ident: puts
codegen ident: src
codegen ident: puts
codegen ident: to
codegen ident: puts
codegen ident: dst
codegen ident: ndisks
codegen ident: ndisks
codegen ident: towers
codegen ident: ndisks
codegen ident: src
codegen ident: dst
codegen ident: tmp
codegen ident: move
codegen ident: src
codegen ident: dst
codegen ident: towers
codegen ident: ndisks
codegen ident: tmp
codegen ident: src
codegen ident: dst
codegen ident: towers
codegen ident: Source
codegen ident: Temporary
codegen ident: Destination
codegen ident: puts
codegen ident: src
codegen ident: puts
codegen ident: to
codegen ident: puts
codegen ident: dst
codegen ident: ndisks
codegen ident: ndisks
codegen ident: towers
codegen ident: ndisks
codegen ident: src
codegen ident: dst
codegen ident: tmp
codegen ident: move
codegen ident: src
codegen ident: dst
codegen ident: towers
codegen ident: ndisks
codegen ident: tmp
codegen ident: src
codegen ident: dst
codegen ident: towers
codegen ident: Source
codegen ident: Temporary
codegen ident: Destination
codegen ident: puts
codegen ident: src
codegen ident: puts
codegen ident: to
codegen ident: puts
codegen ident: dst
codegen ident: ndisks
codegen ident: ndisks
codegen ident: towers
codegen ident: ndisks
codegen ident: src
codegen ident: dst
codegen ident: tmp
codegen ident: move
codegen ident: src
codegen ident: dst
codegen ident: towers
codegen ident: ndisks
codegen ident: tmp
codegen ident: src
codegen ident: dst
codegen ident: towers
codegen ident: Source
codegen ident: Temporary
codegen ident: Destination
codegen ident: ndisks
codegen ident: ndisks
codegen ident: towers
codegen ident: ndisks
codegen ident: src
codegen ident: dst
codegen ident: tmp
codegen ident: move
codegen ident: src
codegen ident: dst
codegen ident: towers
codegen ident: ndisks
codegen ident: tmp
codegen ident: src
codegen ident: dst
