codegen ident: contin
codegen ident: s1
codegen ident: index
codegen ident: s2
codegen ident: index
codegen ident: s1c
codegen ident: s2c
codegen ident: cmp
codegen ident: cmp
codegen ident: cmp
codegen ident: s1c
codegen ident: contin
codegen ident: s1c
codegen ident: index
codegen ident: index
codegen ident: sorted
codegen ident: size
codegen ident: sorted
codegen ident: array
codegen ident: slot
codegen ident: contin
codegen ident: slot
codegen ident: contin
codegen ident: strcmp
codegen ident: array
codegen ident: slot
codegen ident: element
codegen ident: contin
codegen ident: array
codegen ident: slot
codegen ident: array
codegen ident: slot
codegen ident: slot
codegen ident: slot
codegen ident: slot
codegen ident: slot
codegen ident: array
codegen ident: slot
codegen ident: element
codegen ident: sorted
codegen ident: sorted
codegen ident: endl
codegen ident: puts
codegen ident: label
codegen ident: puts
codegen ident: n
codegen ident: index
codegen ident: size
codegen ident: puts
codegen ident: array
codegen ident: index
codegen ident: endl
codegen ident: index
codegen ident: index
codegen ident: getargv
codegen ident: argv
codegen ident: argc
codegen ident: argc
codegen ident: argc
codegen ident: print_array
codegen ident: unsorted
codegen ident: argc
codegen ident: argv
codegen ident: insertion_sort
codegen ident: argc
codegen ident: argv
codegen ident: print_array
codegen ident: sorted
codegen ident: argc
codegen ident: argv
codegen ident: contin
codegen ident: s1
codegen ident: index
codegen ident: s2
codegen ident: index
codegen ident: s1c
codegen ident: s2c
codegen ident: cmp
codegen ident: cmp
codegen ident: cmp
codegen ident: s1c
codegen ident: contin
codegen ident: s1c
codegen ident: index
codegen ident: index
codegen ident: sorted
codegen ident: size
codegen ident: sorted
codegen ident: array
codegen ident: slot
codegen ident: contin
codegen ident: slot
codegen ident: contin
codegen ident: strcmp
codegen ident: array
codegen ident: slot
codegen ident: element
codegen ident: contin
codegen ident: array
codegen ident: slot
codegen ident: array
codegen ident: slot
codegen ident: slot
codegen ident: slot
codegen ident: slot
codegen ident: slot
codegen ident: array
codegen ident: slot
codegen ident: element
codegen ident: sorted
codegen ident: sorted
codegen ident: endl
codegen ident: puts
codegen ident: label
codegen ident: puts
codegen ident: n
codegen ident: index
codegen ident: size
codegen ident: puts
codegen ident: array
codegen ident: index
codegen ident: endl
codegen ident: index
codegen ident: index
codegen ident: getargv
codegen ident: argv
codegen ident: argc
codegen ident: argc
codegen ident: argc
codegen ident: print_array
codegen ident: unsorted
codegen ident: argc
codegen ident: argv
codegen ident: insertion_sort
codegen ident: argc
codegen ident: argv
codegen ident: print_array
codegen ident: sorted
codegen ident: argc
codegen ident: argv
codegen ident: contin
codegen ident: s1
codegen ident: index
codegen ident: s2
codegen ident: index
codegen ident: s1c
codegen ident: s2c
codegen ident: cmp
codegen ident: cmp
codegen ident: cmp
codegen ident: s1c
codegen ident: contin
codegen ident: s1c
codegen ident: index
codegen ident: index
codegen ident: sorted
codegen ident: size
codegen ident: sorted
codegen ident: array
codegen ident: slot
codegen ident: contin
codegen ident: slot
codegen ident: contin
codegen ident: strcmp
codegen ident: array
codegen ident: slot
codegen ident: element
codegen ident: contin
codegen ident: array
codegen ident: slot
codegen ident: array
codegen ident: slot
codegen ident: slot
codegen ident: slot
codegen ident: slot
codegen ident: slot
codegen ident: array
codegen ident: slot
codegen ident: element
codegen ident: sorted
codegen ident: sorted
codegen ident: endl
codegen ident: puts
codegen ident: label
codegen ident: puts
codegen ident: n
codegen ident: index
codegen ident: size
codegen ident: puts
codegen ident: array
codegen ident: index
codegen ident: endl
codegen ident: index
codegen ident: index
codegen ident: getargv
codegen ident: argv
codegen ident: argc
codegen ident: argc
codegen ident: argc
codegen ident: print_array
codegen ident: unsorted
codegen ident: argc
codegen ident: argv
codegen ident: insertion_sort
codegen ident: argc
codegen ident: argv
codegen ident: print_array
codegen ident: sorted
codegen ident: argc
codegen ident: argv
codegen ident: contin
codegen ident: s1
codegen ident: index
codegen ident: s2
codegen ident: index
codegen ident: s1c
codegen ident: s2c
codegen ident: cmp
codegen ident: cmp
codegen ident: cmp
codegen ident: s1c
codegen ident: contin
codegen ident: s1c
codegen ident: index
codegen ident: index
codegen ident: sorted
codegen ident: size
codegen ident: sorted
codegen ident: array
codegen ident: slot
codegen ident: contin
codegen ident: slot
codegen ident: contin
codegen ident: strcmp
codegen ident: array
codegen ident: slot
codegen ident: element
codegen ident: contin
codegen ident: array
codegen ident: slot
codegen ident: array
codegen ident: slot
codegen ident: slot
codegen ident: slot
codegen ident: slot
codegen ident: slot
codegen ident: array
codegen ident: slot
codegen ident: element
codegen ident: sorted
codegen ident: sorted
codegen ident: endl
codegen ident: puts
codegen ident: label
codegen ident: puts
codegen ident: n
codegen ident: index
codegen ident: size
codegen ident: puts
codegen ident: array
codegen ident: index
codegen ident: endl
codegen ident: index
codegen ident: index
codegen ident: getargv
codegen ident: argv
codegen ident: argc
codegen ident: argc
codegen ident: argc
codegen ident: print_array
codegen ident: unsorted
codegen ident: argc
codegen ident: argv
codegen ident: insertion_sort
codegen ident: argc
codegen ident: argv
codegen ident: print_array
codegen ident: sorted
codegen ident: argc
codegen ident: argv
codegen ident: contin
codegen ident: s1
codegen ident: index
codegen ident: s2
codegen ident: index
codegen ident: s1c
codegen ident: s2c
codegen ident: cmp
codegen ident: cmp
codegen ident: cmp
codegen ident: s1c
codegen ident: contin
codegen ident: s1c
codegen ident: index
codegen ident: index
codegen ident: sorted
codegen ident: size
codegen ident: sorted
codegen ident: array
codegen ident: slot
codegen ident: contin
codegen ident: slot
codegen ident: contin
codegen ident: strcmp
codegen ident: array
codegen ident: slot
codegen ident: element
codegen ident: contin
codegen ident: array
codegen ident: slot
codegen ident: array
codegen ident: slot
codegen ident: slot
codegen ident: slot
codegen ident: slot
codegen ident: slot
codegen ident: array
codegen ident: slot
codegen ident: element
codegen ident: sorted
codegen ident: sorted
codegen ident: endl
codegen ident: puts
codegen ident: label
codegen ident: puts
codegen ident: n
codegen ident: index
codegen ident: size
codegen ident: puts
codegen ident: array
codegen ident: index
codegen ident: endl
codegen ident: index
codegen ident: index
