codegen ident: a
codegen ident: b
codegen ident: a
codegen ident: b
codegen ident: f
codegen ident: f
codegen ident: x
codegen ident: y
codegen ident: z
codegen ident: foo
codegen ident: bar
codegen ident: a
codegen ident: b
codegen ident: c
codegen ident: d
codegen ident: test
codegen ident: abc
codegen ident: def
codegen ident: ghi
codegen ident: this
codegen ident: a
codegen ident: hello
codegen ident: a
codegen ident: b
codegen ident: f
codegen ident: f
codegen ident: a
codegen ident: i
codegen ident: b
codegen ident: j
codegen ident: b
codegen ident: a
codegen ident: b
codegen ident: f
codegen ident: x
codegen ident: a
codegen ident: b
codegen ident: a
codegen ident: b
codegen ident: y
codegen ident: f
codegen ident: y
codegen ident: z
codegen ident: a
codegen ident: b
codegen ident: a
codegen ident: b
codegen ident: a
codegen ident: b
codegen ident: a
codegen ident: b
codegen ident: f
codegen ident: f
codegen ident: x
codegen ident: y
codegen ident: z
codegen ident: foo
codegen ident: bar
codegen ident: a
codegen ident: b
codegen ident: c
codegen ident: d
codegen ident: test
codegen ident: abc
codegen ident: def
codegen ident: ghi
codegen ident: this
codegen ident: a
codegen ident: hello
codegen ident: a
codegen ident: b
codegen ident: f
codegen ident: f
codegen ident: a
codegen ident: i
codegen ident: b
codegen ident: j
codegen ident: b
codegen ident: a
codegen ident: b
codegen ident: f
codegen ident: x
codegen ident: a
codegen ident: b
codegen ident: a
codegen ident: b
codegen ident: y
codegen ident: f
codegen ident: y
codegen ident: z
codegen ident: a
codegen ident: b
codegen ident: a
codegen ident: b
codegen ident: a
codegen ident: b
codegen ident: a
codegen ident: b
codegen ident: f
codegen ident: f
codegen ident: x
codegen ident: y
codegen ident: z
codegen ident: foo
codegen ident: bar
codegen ident: a
codegen ident: b
codegen ident: c
codegen ident: d
codegen ident: test
codegen ident: abc
codegen ident: def
codegen ident: ghi
codegen ident: this
codegen ident: a
codegen ident: hello
codegen ident: a
codegen ident: b
codegen ident: f
codegen ident: f
codegen ident: a
codegen ident: i
codegen ident: b
codegen ident: j
codegen ident: b
codegen ident: a
codegen ident: b
codegen ident: f
codegen ident: x
codegen ident: a
codegen ident: b
codegen ident: a
codegen ident: b
codegen ident: y
codegen ident: f
codegen ident: y
codegen ident: z
codegen ident: a
codegen ident: b
codegen ident: a
codegen ident: b
codegen ident: a
codegen ident: b
codegen ident: a
codegen ident: b
codegen ident: f
codegen ident: f
codegen ident: x
codegen ident: y
codegen ident: z
codegen ident: foo
codegen ident: bar
codegen ident: a
codegen ident: b
codegen ident: c
codegen ident: d
codegen ident: test
codegen ident: abc
codegen ident: def
codegen ident: ghi
codegen ident: this
codegen ident: a
codegen ident: hello
codegen ident: a
codegen ident: b
codegen ident: f
codegen ident: f
codegen ident: a
codegen ident: i
codegen ident: b
codegen ident: j
codegen ident: b
codegen ident: a
codegen ident: b
codegen ident: f
codegen ident: x
codegen ident: a
codegen ident: b
codegen ident: a
codegen ident: b
codegen ident: y
codegen ident: f
codegen ident: y
codegen ident: z
codegen ident: a
codegen ident: b
codegen ident: a
codegen ident: b
codegen ident: a
codegen ident: b
codegen ident: a
codegen ident: b
codegen ident: f
codegen ident: f
codegen ident: x
codegen ident: y
codegen ident: z
codegen ident: foo
codegen ident: bar
codegen ident: a
codegen ident: b
codegen ident: c
codegen ident: d
codegen ident: test
codegen ident: abc
codegen ident: def
codegen ident: ghi
codegen ident: this
codegen ident: a
codegen ident: hello
codegen ident: a
codegen ident: b
codegen ident: f
codegen ident: f
codegen ident: a
codegen ident: i
codegen ident: b
codegen ident: j
codegen ident: b
codegen ident: a
codegen ident: b
codegen ident: f
codegen ident: x
codegen ident: a
codegen ident: b
codegen ident: a
codegen ident: b
codegen ident: y
codegen ident: f
codegen ident: y
codegen ident: z
codegen ident: a
codegen ident: b
codegen ident: a
codegen ident: b
codegen ident: a
codegen ident: b
codegen ident: a
codegen ident: b
codegen ident: f
codegen ident: f
codegen ident: x
codegen ident: y
codegen ident: z
codegen ident: foo
codegen ident: bar
codegen ident: a
codegen ident: b
codegen ident: c
codegen ident: d
codegen ident: test
codegen ident: abc
codegen ident: def
codegen ident: ghi
codegen ident: this
codegen ident: a
codegen ident: hello
codegen ident: a
codegen ident: b
codegen ident: f
codegen ident: f
codegen ident: a
codegen ident: i
codegen ident: b
codegen ident: j
codegen ident: b
codegen ident: a
codegen ident: b
codegen ident: f
codegen ident: x
codegen ident: a
codegen ident: b
codegen ident: a
codegen ident: b
codegen ident: y
codegen ident: f
codegen ident: y
codegen ident: z
codegen ident: a
codegen ident: b
codegen ident: a
codegen ident: b
codegen ident: a
codegen ident: b
codegen ident: a
codegen ident: b
codegen ident: f
codegen ident: f
codegen ident: x
codegen ident: y
codegen ident: z
codegen ident: foo
codegen ident: bar
codegen ident: a
codegen ident: b
codegen ident: c
codegen ident: d
codegen ident: test
codegen ident: abc
codegen ident: def
codegen ident: ghi
codegen ident: this
codegen ident: a
codegen ident: hello
codegen ident: a
codegen ident: b
codegen ident: f
codegen ident: f
codegen ident: a
codegen ident: i
codegen ident: b
codegen ident: j
codegen ident: b
codegen ident: a
codegen ident: b
codegen ident: f
codegen ident: x
codegen ident: a
codegen ident: b
codegen ident: a
codegen ident: b
codegen ident: y
codegen ident: f
codegen ident: y
codegen ident: z
codegen ident: a
codegen ident: b
codegen ident: a
codegen ident: b
codegen ident: a
codegen ident: b
codegen ident: a
codegen ident: b
codegen ident: f
codegen ident: f
codegen ident: x
codegen ident: y
codegen ident: z
codegen ident: foo
codegen ident: bar
codegen ident: a
codegen ident: b
codegen ident: c
codegen ident: d
codegen ident: test
codegen ident: abc
codegen ident: def
codegen ident: ghi
codegen ident: this
codegen ident: a
codegen ident: hello
codegen ident: a
codegen ident: b
codegen ident: f
codegen ident: f
codegen ident: a
codegen ident: i
codegen ident: b
codegen ident: j
codegen ident: b
codegen ident: a
codegen ident: b
codegen ident: f
codegen ident: x
codegen ident: a
codegen ident: b
codegen ident: a
codegen ident: b
codegen ident: y
codegen ident: f
codegen ident: y
codegen ident: z
codegen ident: a
codegen ident: b
codegen ident: a
codegen ident: b
codegen ident: a
codegen ident: b
codegen ident: a
codegen ident: b
codegen ident: f
codegen ident: f
codegen ident: x
codegen ident: y
codegen ident: z
codegen ident: foo
codegen ident: bar
codegen ident: a
codegen ident: b
codegen ident: c
codegen ident: d
codegen ident: test
codegen ident: abc
codegen ident: def
codegen ident: ghi
codegen ident: this
codegen ident: a
codegen ident: hello
codegen ident: a
codegen ident: b
codegen ident: f
codegen ident: f
codegen ident: a
codegen ident: i
codegen ident: b
codegen ident: j
codegen ident: b
codegen ident: a
codegen ident: b
codegen ident: f
codegen ident: x
codegen ident: a
codegen ident: b
codegen ident: a
codegen ident: b
codegen ident: y
codegen ident: f
codegen ident: y
codegen ident: z
codegen ident: a
codegen ident: b
codegen ident: a
codegen ident: b
codegen ident: a
codegen ident: b
codegen ident: a
codegen ident: b
codegen ident: f
codegen ident: f
codegen ident: x
codegen ident: y
codegen ident: z
codegen ident: foo
codegen ident: bar
codegen ident: a
codegen ident: b
codegen ident: c
codegen ident: d
codegen ident: test
codegen ident: abc
codegen ident: def
codegen ident: ghi
codegen ident: this
codegen ident: a
codegen ident: hello
codegen ident: a
codegen ident: b
codegen ident: f
codegen ident: f
codegen ident: a
codegen ident: i
codegen ident: b
codegen ident: j
codegen ident: b
codegen ident: a
codegen ident: b
codegen ident: f
codegen ident: x
codegen ident: a
codegen ident: b
codegen ident: a
codegen ident: b
codegen ident: y
codegen ident: f
codegen ident: y
codegen ident: z
codegen ident: a
codegen ident: b
codegen ident: a
codegen ident: b
codegen ident: a
codegen ident: b
codegen ident: a
codegen ident: b
codegen ident: f
codegen ident: f
codegen ident: x
codegen ident: y
codegen ident: z
codegen ident: foo
codegen ident: bar
codegen ident: a
codegen ident: b
codegen ident: c
codegen ident: d
codegen ident: test
codegen ident: abc
codegen ident: def
codegen ident: ghi
codegen ident: this
codegen ident: a
codegen ident: hello
codegen ident: a
codegen ident: b
codegen ident: f
codegen ident: f
codegen ident: a
codegen ident: i
codegen ident: b
codegen ident: j
codegen ident: b
codegen ident: a
codegen ident: b
codegen ident: f
codegen ident: x
codegen ident: a
codegen ident: b
codegen ident: a
codegen ident: b
codegen ident: y
codegen ident: f
codegen ident: y
codegen ident: z
codegen ident: a
codegen ident: b
codegen ident: a
codegen ident: b
codegen ident: a
codegen ident: b
codegen ident: a
codegen ident: b
codegen ident: f
codegen ident: f
codegen ident: x
codegen ident: y
codegen ident: z
codegen ident: foo
codegen ident: bar
codegen ident: a
codegen ident: b
codegen ident: c
codegen ident: d
codegen ident: test
codegen ident: abc
codegen ident: def
codegen ident: ghi
codegen ident: this
codegen ident: a
codegen ident: hello
codegen ident: a
codegen ident: b
codegen ident: f
codegen ident: f
codegen ident: a
codegen ident: i
codegen ident: b
codegen ident: j
codegen ident: b
codegen ident: a
codegen ident: b
codegen ident: f
codegen ident: x
codegen ident: a
codegen ident: b
codegen ident: a
codegen ident: b
codegen ident: y
codegen ident: f
codegen ident: y
codegen ident: z
codegen ident: a
codegen ident: b
codegen ident: a
codegen ident: b
codegen ident: a
codegen ident: b
codegen ident: a
codegen ident: b
codegen ident: f
codegen ident: f
codegen ident: x
codegen ident: y
codegen ident: z
codegen ident: foo
codegen ident: bar
codegen ident: a
codegen ident: b
codegen ident: c
codegen ident: d
codegen ident: test
codegen ident: abc
codegen ident: def
codegen ident: ghi
codegen ident: this
codegen ident: a
codegen ident: hello
codegen ident: a
codegen ident: b
codegen ident: f
codegen ident: f
codegen ident: a
codegen ident: i
codegen ident: b
codegen ident: j
codegen ident: b
codegen ident: a
codegen ident: b
codegen ident: f
codegen ident: x
codegen ident: a
codegen ident: b
codegen ident: a
codegen ident: b
codegen ident: y
codegen ident: f
codegen ident: y
codegen ident: z
codegen ident: a
codegen ident: b
codegen ident: a
codegen ident: b
codegen ident: a
codegen ident: b
codegen ident: a
codegen ident: b
codegen ident: f
codegen ident: f
codegen ident: x
codegen ident: y
codegen ident: z
codegen ident: foo
codegen ident: bar
codegen ident: a
codegen ident: b
codegen ident: c
codegen ident: d
codegen ident: test
codegen ident: abc
codegen ident: def
codegen ident: ghi
codegen ident: this
codegen ident: a
codegen ident: hello
codegen ident: a
codegen ident: b
codegen ident: f
codegen ident: f
codegen ident: a
codegen ident: i
codegen ident: b
codegen ident: j
codegen ident: b
codegen ident: a
codegen ident: b
codegen ident: f
codegen ident: x
codegen ident: a
codegen ident: b
codegen ident: a
codegen ident: b
codegen ident: y
codegen ident: f
codegen ident: y
codegen ident: z
codegen ident: a
codegen ident: b
codegen ident: a
codegen ident: b
codegen ident: a
codegen ident: b
codegen ident: a
codegen ident: b
codegen ident: f
codegen ident: f
codegen ident: x
codegen ident: y
codegen ident: z
codegen ident: foo
codegen ident: bar
codegen ident: a
codegen ident: b
codegen ident: c
codegen ident: d
codegen ident: test
codegen ident: abc
codegen ident: def
codegen ident: ghi
codegen ident: this
codegen ident: a
codegen ident: hello
codegen ident: a
codegen ident: b
codegen ident: f
codegen ident: f
codegen ident: a
codegen ident: i
codegen ident: b
codegen ident: j
codegen ident: b
codegen ident: a
codegen ident: b
codegen ident: f
codegen ident: x
codegen ident: a
codegen ident: b
codegen ident: a
codegen ident: b
codegen ident: y
codegen ident: f
codegen ident: y
codegen ident: z
codegen ident: a
codegen ident: b
codegen ident: a
codegen ident: b
codegen ident: a
codegen ident: b
